[github.com/flipped-aurora/gin-vue-admin/server]2023/12/02 - 00:41:45.319	[34minfo[0m	D:/学习/GVA/GOVA/server/initialize/gorm.go:60	register table success
[github.com/flipped-aurora/gin-vue-admin/server]2023/12/02 - 00:41:45.321	[34minfo[0m	D:/学习/GVA/GOVA/server/initialize/redis.go:23	redis connect ping response:	{"pong": "PONG"}
[github.com/flipped-aurora/gin-vue-admin/server]2023/12/02 - 00:41:45.322	[34minfo[0m	D:/学习/GVA/GOVA/server/initialize/router.go:35	register swagger handler
[github.com/flipped-aurora/gin-vue-admin/server]2023/12/02 - 00:41:45.329	[34minfo[0m	D:/学习/GVA/GOVA/server/initialize/router.go:79	router register success
[github.com/flipped-aurora/gin-vue-admin/server]2023/12/02 - 00:41:45.330	[34minfo[0m	D:/学习/GVA/GOVA/server/core/server.go:41	server run success on 	{"address": ":8888"}
[github.com/flipped-aurora/gin-vue-admin/server]2023/12/02 - 01:06:59.762	[34minfo[0m	D:/学习/GVA/GOVA/server/initialize/gorm.go:60	register table success
[github.com/flipped-aurora/gin-vue-admin/server]2023/12/02 - 01:06:59.764	[34minfo[0m	D:/学习/GVA/GOVA/server/initialize/redis.go:23	redis connect ping response:	{"pong": "PONG"}
[github.com/flipped-aurora/gin-vue-admin/server]2023/12/02 - 01:06:59.766	[34minfo[0m	D:/学习/GVA/GOVA/server/initialize/router.go:35	register swagger handler
[github.com/flipped-aurora/gin-vue-admin/server]2023/12/02 - 01:06:59.773	[34minfo[0m	D:/学习/GVA/GOVA/server/initialize/router.go:79	router register success
[github.com/flipped-aurora/gin-vue-admin/server]2023/12/02 - 01:06:59.778	[34minfo[0m	D:/学习/GVA/GOVA/server/core/server.go:41	server run success on 	{"address": ":8888"}
[github.com/flipped-aurora/gin-vue-admin/server]2023/12/02 - 01:09:11.067	[34minfo[0m	D:/学习/GVA/GOVA/server/initialize/gorm.go:60	register table success
[github.com/flipped-aurora/gin-vue-admin/server]2023/12/02 - 01:09:11.069	[34minfo[0m	D:/学习/GVA/GOVA/server/initialize/redis.go:23	redis connect ping response:	{"pong": "PONG"}
[github.com/flipped-aurora/gin-vue-admin/server]2023/12/02 - 01:09:11.070	[34minfo[0m	D:/学习/GVA/GOVA/server/initialize/router.go:35	register swagger handler
[github.com/flipped-aurora/gin-vue-admin/server]2023/12/02 - 01:09:11.078	[34minfo[0m	D:/学习/GVA/GOVA/server/initialize/router.go:79	router register success
[github.com/flipped-aurora/gin-vue-admin/server]2023/12/02 - 01:09:11.085	[34minfo[0m	D:/学习/GVA/GOVA/server/core/server.go:41	server run success on 	{"address": ":8888"}
[github.com/flipped-aurora/gin-vue-admin/server]2023/12/02 - 11:42:08.038	[34minfo[0m	D:/学习/GVA/GOVA/server/initialize/gorm.go:60	register table success
[github.com/flipped-aurora/gin-vue-admin/server]2023/12/02 - 11:42:08.134	[34minfo[0m	D:/学习/GVA/GOVA/server/initialize/router.go:35	register swagger handler
[github.com/flipped-aurora/gin-vue-admin/server]2023/12/02 - 11:42:08.140	[34minfo[0m	D:/学习/GVA/GOVA/server/initialize/router.go:79	router register success
[github.com/flipped-aurora/gin-vue-admin/server]2023/12/02 - 11:42:08.145	[34minfo[0m	D:/学习/GVA/GOVA/server/core/server.go:41	server run success on 	{"address": ":8888"}
[github.com/flipped-aurora/gin-vue-admin/server]2023/12/02 - 11:42:35.297	[34minfo[0m	D:/学习/GVA/GOVA/server/initialize/gorm.go:60	register table success
[github.com/flipped-aurora/gin-vue-admin/server]2023/12/02 - 11:42:35.299	[34minfo[0m	D:/学习/GVA/GOVA/server/initialize/redis.go:23	redis connect ping response:	{"pong": "PONG"}
[github.com/flipped-aurora/gin-vue-admin/server]2023/12/02 - 11:42:35.300	[34minfo[0m	D:/学习/GVA/GOVA/server/initialize/router.go:35	register swagger handler
[github.com/flipped-aurora/gin-vue-admin/server]2023/12/02 - 11:42:35.307	[34minfo[0m	D:/学习/GVA/GOVA/server/initialize/router.go:79	router register success
[github.com/flipped-aurora/gin-vue-admin/server]2023/12/02 - 11:42:35.310	[34minfo[0m	D:/学习/GVA/GOVA/server/core/server.go:41	server run success on 	{"address": ":8888"}
[github.com/flipped-aurora/gin-vue-admin/server]2023/12/02 - 15:17:48.686	[34minfo[0m	D:/学习/GVA/GOVA/server/initialize/gorm.go:60	register table success
[github.com/flipped-aurora/gin-vue-admin/server]2023/12/02 - 15:17:48.689	[34minfo[0m	D:/学习/GVA/GOVA/server/initialize/redis.go:23	redis connect ping response:	{"pong": "PONG"}
[github.com/flipped-aurora/gin-vue-admin/server]2023/12/02 - 15:17:48.692	[34minfo[0m	D:/学习/GVA/GOVA/server/initialize/router.go:35	register swagger handler
[github.com/flipped-aurora/gin-vue-admin/server]2023/12/02 - 15:17:48.704	[34minfo[0m	D:/学习/GVA/GOVA/server/initialize/router.go:79	router register success
[github.com/flipped-aurora/gin-vue-admin/server]2023/12/02 - 15:17:48.717	[34minfo[0m	D:/学习/GVA/GOVA/server/core/server.go:41	server run success on 	{"address": ":8888"}
[github.com/flipped-aurora/gin-vue-admin/server]2023/12/02 - 16:24:20.065	[34minfo[0m	D:/学习/GVA/GOVA/server/initialize/gorm.go:60	register table success
[github.com/flipped-aurora/gin-vue-admin/server]2023/12/02 - 16:24:20.069	[34minfo[0m	D:/学习/GVA/GOVA/server/initialize/redis.go:23	redis connect ping response:	{"pong": "PONG"}
[github.com/flipped-aurora/gin-vue-admin/server]2023/12/02 - 16:24:20.071	[34minfo[0m	D:/学习/GVA/GOVA/server/initialize/router.go:35	register swagger handler
[github.com/flipped-aurora/gin-vue-admin/server]2023/12/02 - 16:24:20.079	[34minfo[0m	D:/学习/GVA/GOVA/server/initialize/router.go:79	router register success
[github.com/flipped-aurora/gin-vue-admin/server]2023/12/02 - 16:24:20.089	[34minfo[0m	D:/学习/GVA/GOVA/server/core/server.go:41	server run success on 	{"address": ":8888"}
[github.com/flipped-aurora/gin-vue-admin/server]2023/12/02 - 16:27:37.364	[34minfo[0m	D:/学习/GVA/GOVA/server/initialize/gorm.go:60	register table success
[github.com/flipped-aurora/gin-vue-admin/server]2023/12/02 - 16:27:37.365	[34minfo[0m	D:/学习/GVA/GOVA/server/initialize/redis.go:23	redis connect ping response:	{"pong": "PONG"}
[github.com/flipped-aurora/gin-vue-admin/server]2023/12/02 - 16:27:37.367	[34minfo[0m	D:/学习/GVA/GOVA/server/initialize/router.go:35	register swagger handler
[github.com/flipped-aurora/gin-vue-admin/server]2023/12/02 - 16:27:37.374	[34minfo[0m	D:/学习/GVA/GOVA/server/initialize/router.go:79	router register success
[github.com/flipped-aurora/gin-vue-admin/server]2023/12/02 - 16:27:37.377	[34minfo[0m	D:/学习/GVA/GOVA/server/core/server.go:41	server run success on 	{"address": ":8888"}
[github.com/flipped-aurora/gin-vue-admin/server]2023/12/02 - 16:32:45.907	[34minfo[0m	D:/学习/GVA/GOVA/server/initialize/gorm.go:60	register table success
[github.com/flipped-aurora/gin-vue-admin/server]2023/12/02 - 16:32:45.908	[34minfo[0m	D:/学习/GVA/GOVA/server/initialize/redis.go:23	redis connect ping response:	{"pong": "PONG"}
[github.com/flipped-aurora/gin-vue-admin/server]2023/12/02 - 16:32:45.909	[34minfo[0m	D:/学习/GVA/GOVA/server/initialize/router.go:35	register swagger handler
[github.com/flipped-aurora/gin-vue-admin/server]2023/12/02 - 16:32:45.916	[34minfo[0m	D:/学习/GVA/GOVA/server/initialize/router.go:79	router register success
[github.com/flipped-aurora/gin-vue-admin/server]2023/12/02 - 16:32:45.932	[34minfo[0m	D:/学习/GVA/GOVA/server/core/server.go:41	server run success on 	{"address": ":8888"}
[github.com/flipped-aurora/gin-vue-admin/server]2023/12/02 - 16:57:50.537	[34minfo[0m	D:/学习/GVA/GOVA/server/initialize/gorm.go:60	register table success
[github.com/flipped-aurora/gin-vue-admin/server]2023/12/02 - 16:57:50.538	[34minfo[0m	D:/学习/GVA/GOVA/server/initialize/redis.go:23	redis connect ping response:	{"pong": "PONG"}
[github.com/flipped-aurora/gin-vue-admin/server]2023/12/02 - 16:57:50.540	[34minfo[0m	D:/学习/GVA/GOVA/server/initialize/router.go:35	register swagger handler
[github.com/flipped-aurora/gin-vue-admin/server]2023/12/02 - 16:57:50.548	[34minfo[0m	D:/学习/GVA/GOVA/server/initialize/router.go:79	router register success
[github.com/flipped-aurora/gin-vue-admin/server]2023/12/02 - 16:57:50.558	[34minfo[0m	D:/学习/GVA/GOVA/server/core/server.go:41	server run success on 	{"address": ":8888"}
[github.com/flipped-aurora/gin-vue-admin/server]2023/12/02 - 17:06:15.951	[34minfo[0m	D:/学习/GVA/GOVA/server/initialize/gorm.go:60	register table success
[github.com/flipped-aurora/gin-vue-admin/server]2023/12/02 - 17:06:15.952	[34minfo[0m	D:/学习/GVA/GOVA/server/initialize/redis.go:23	redis connect ping response:	{"pong": "PONG"}
[github.com/flipped-aurora/gin-vue-admin/server]2023/12/02 - 17:06:15.954	[34minfo[0m	D:/学习/GVA/GOVA/server/initialize/router.go:35	register swagger handler
[github.com/flipped-aurora/gin-vue-admin/server]2023/12/02 - 17:06:15.961	[34minfo[0m	D:/学习/GVA/GOVA/server/initialize/router.go:79	router register success
[github.com/flipped-aurora/gin-vue-admin/server]2023/12/02 - 17:06:15.964	[34minfo[0m	D:/学习/GVA/GOVA/server/core/server.go:41	server run success on 	{"address": ":8888"}
[github.com/flipped-aurora/gin-vue-admin/server]2023/12/02 - 17:07:15.447	[34minfo[0m	D:/学习/GVA/GOVA/server/initialize/gorm.go:60	register table success
[github.com/flipped-aurora/gin-vue-admin/server]2023/12/02 - 17:07:15.448	[34minfo[0m	D:/学习/GVA/GOVA/server/initialize/redis.go:23	redis connect ping response:	{"pong": "PONG"}
[github.com/flipped-aurora/gin-vue-admin/server]2023/12/02 - 17:07:15.449	[34minfo[0m	D:/学习/GVA/GOVA/server/initialize/router.go:35	register swagger handler
[github.com/flipped-aurora/gin-vue-admin/server]2023/12/02 - 17:07:15.456	[34minfo[0m	D:/学习/GVA/GOVA/server/initialize/router.go:79	router register success
[github.com/flipped-aurora/gin-vue-admin/server]2023/12/02 - 17:07:15.461	[34minfo[0m	D:/学习/GVA/GOVA/server/core/server.go:41	server run success on 	{"address": ":8888"}
[github.com/flipped-aurora/gin-vue-admin/server]2023/12/02 - 17:23:11.382	[34minfo[0m	D:/学习/GVA/GOVA/server/initialize/gorm.go:60	register table success
[github.com/flipped-aurora/gin-vue-admin/server]2023/12/02 - 17:23:11.383	[34minfo[0m	D:/学习/GVA/GOVA/server/initialize/redis.go:23	redis connect ping response:	{"pong": "PONG"}
[github.com/flipped-aurora/gin-vue-admin/server]2023/12/02 - 17:23:11.385	[34minfo[0m	D:/学习/GVA/GOVA/server/initialize/router.go:35	register swagger handler
[github.com/flipped-aurora/gin-vue-admin/server]2023/12/02 - 17:23:11.391	[34minfo[0m	D:/学习/GVA/GOVA/server/initialize/router.go:79	router register success
[github.com/flipped-aurora/gin-vue-admin/server]2023/12/02 - 17:23:11.393	[34minfo[0m	D:/学习/GVA/GOVA/server/core/server.go:41	server run success on 	{"address": ":8888"}
[github.com/flipped-aurora/gin-vue-admin/server]2023/12/02 - 17:25:42.106	[34minfo[0m	D:/学习/GVA/GOVA/server/initialize/gorm.go:60	register table success
[github.com/flipped-aurora/gin-vue-admin/server]2023/12/02 - 17:25:42.107	[34minfo[0m	D:/学习/GVA/GOVA/server/initialize/redis.go:23	redis connect ping response:	{"pong": "PONG"}
[github.com/flipped-aurora/gin-vue-admin/server]2023/12/02 - 17:25:42.109	[34minfo[0m	D:/学习/GVA/GOVA/server/initialize/router.go:35	register swagger handler
[github.com/flipped-aurora/gin-vue-admin/server]2023/12/02 - 17:25:42.116	[34minfo[0m	D:/学习/GVA/GOVA/server/initialize/router.go:79	router register success
[github.com/flipped-aurora/gin-vue-admin/server]2023/12/02 - 17:25:42.119	[34minfo[0m	D:/学习/GVA/GOVA/server/core/server.go:41	server run success on 	{"address": ":8888"}
[github.com/flipped-aurora/gin-vue-admin/server]2023/12/02 - 18:11:35.375	[34minfo[0m	D:/学习/GVA/GOVA/server/initialize/gorm.go:60	register table success
[github.com/flipped-aurora/gin-vue-admin/server]2023/12/02 - 18:11:35.376	[34minfo[0m	D:/学习/GVA/GOVA/server/initialize/redis.go:23	redis connect ping response:	{"pong": "PONG"}
[github.com/flipped-aurora/gin-vue-admin/server]2023/12/02 - 18:11:35.378	[34minfo[0m	D:/学习/GVA/GOVA/server/initialize/router.go:35	register swagger handler
[github.com/flipped-aurora/gin-vue-admin/server]2023/12/02 - 18:11:35.385	[34minfo[0m	D:/学习/GVA/GOVA/server/initialize/router.go:79	router register success
[github.com/flipped-aurora/gin-vue-admin/server]2023/12/02 - 18:11:35.389	[34minfo[0m	D:/学习/GVA/GOVA/server/core/server.go:41	server run success on 	{"address": ":8888"}
[github.com/flipped-aurora/gin-vue-admin/server]2023/12/02 - 18:15:22.486	[34minfo[0m	D:/学习/GVA/GOVA/server/initialize/gorm.go:60	register table success
[github.com/flipped-aurora/gin-vue-admin/server]2023/12/02 - 18:15:22.487	[34minfo[0m	D:/学习/GVA/GOVA/server/initialize/redis.go:23	redis connect ping response:	{"pong": "PONG"}
[github.com/flipped-aurora/gin-vue-admin/server]2023/12/02 - 18:15:22.489	[34minfo[0m	D:/学习/GVA/GOVA/server/initialize/router.go:35	register swagger handler
[github.com/flipped-aurora/gin-vue-admin/server]2023/12/02 - 18:15:22.496	[34minfo[0m	D:/学习/GVA/GOVA/server/initialize/router.go:79	router register success
[github.com/flipped-aurora/gin-vue-admin/server]2023/12/02 - 18:15:22.510	[34minfo[0m	D:/学习/GVA/GOVA/server/core/server.go:41	server run success on 	{"address": ":8888"}
[github.com/flipped-aurora/gin-vue-admin/server]2023/12/02 - 18:22:11.300	[34minfo[0m	D:/学习/GVA/GOVA/server/initialize/gorm.go:60	register table success
[github.com/flipped-aurora/gin-vue-admin/server]2023/12/02 - 18:22:11.301	[34minfo[0m	D:/学习/GVA/GOVA/server/initialize/redis.go:23	redis connect ping response:	{"pong": "PONG"}
[github.com/flipped-aurora/gin-vue-admin/server]2023/12/02 - 18:22:11.303	[34minfo[0m	D:/学习/GVA/GOVA/server/initialize/router.go:35	register swagger handler
[github.com/flipped-aurora/gin-vue-admin/server]2023/12/02 - 18:22:11.311	[34minfo[0m	D:/学习/GVA/GOVA/server/initialize/router.go:79	router register success
[github.com/flipped-aurora/gin-vue-admin/server]2023/12/02 - 18:22:11.317	[34minfo[0m	D:/学习/GVA/GOVA/server/core/server.go:41	server run success on 	{"address": ":8888"}
[github.com/flipped-aurora/gin-vue-admin/server]2023/12/02 - 22:03:42.385	[34minfo[0m	D:/学习/GVA/GOVA/server/initialize/gorm.go:60	register table success
[github.com/flipped-aurora/gin-vue-admin/server]2023/12/02 - 22:03:42.388	[34minfo[0m	D:/学习/GVA/GOVA/server/initialize/redis.go:23	redis connect ping response:	{"pong": "PONG"}
[github.com/flipped-aurora/gin-vue-admin/server]2023/12/02 - 22:03:42.390	[34minfo[0m	D:/学习/GVA/GOVA/server/initialize/router.go:35	register swagger handler
[github.com/flipped-aurora/gin-vue-admin/server]2023/12/02 - 22:03:42.398	[34minfo[0m	D:/学习/GVA/GOVA/server/initialize/router.go:79	router register success
[github.com/flipped-aurora/gin-vue-admin/server]2023/12/02 - 22:03:42.413	[34minfo[0m	D:/学习/GVA/GOVA/server/core/server.go:41	server run success on 	{"address": ":8888"}
